<?xml version="1.0" encoding="UTF-8"?>
<!-- Generated by org.testng.reporters.JUnitReportReporter -->
<testsuite hostname="DESKTOP-71ONAOR" failures="0" tests="1" name="projects.fox.tests.redshiftdbtest" time="45.712" errors="0" timestamp="2020-04-27T18:19:00 IST" skipped="0">
  <testcase classname="projects.fox.tests.redshiftdbtest" name="redshifttest" time="45.712"/>
</testsuite> <!-- projects.fox.tests.redshiftdbtest -->
